[debug] [2023-11-15T22:03:23.068Z] ----------------------------------------------------------------------
[debug] [2023-11-15T22:03:23.070Z] Command:       C:\Program Files\nodejs\node.exe C:\Users\HomePC\AppData\Roaming\npm\node_modules\firebase-tools\lib\bin\firebase.js init hosting:github
[debug] [2023-11-15T22:03:23.071Z] CLI Version:   12.9.1
[debug] [2023-11-15T22:03:23.071Z] Platform:      win32
[debug] [2023-11-15T22:03:23.071Z] Node Version:  v18.16.1
[debug] [2023-11-15T22:03:23.073Z] Time:          Wed Nov 15 2023 19:03:23 GMT-0300 (Hora padrão de Brasília)
[debug] [2023-11-15T22:03:23.073Z] ----------------------------------------------------------------------
[debug] 
[debug] [2023-11-15T22:03:23.176Z] > command requires scopes: ["email","openid","https://www.googleapis.com/auth/cloudplatformprojects.readonly","https://www.googleapis.com/auth/firebase","https://www.googleapis.com/auth/cloud-platform"]
[debug] [2023-11-15T22:03:23.176Z] > authorizing via signed-in user (paroniyan@gmail.com)
[info] 
     ######## #### ########  ######## ########     ###     ######  ########
     ##        ##  ##     ## ##       ##     ##  ##   ##  ##       ##
     ######    ##  ########  ######   ########  #########  ######  ######
     ##        ##  ##    ##  ##       ##     ## ##     ##       ## ##
     ##       #### ##     ## ######## ########  ##     ##  ######  ########

You're about to initialize a Firebase project in this directory:

  C:\Users\HomePC\Desktop\angular\basic-app

Before we get started, keep in mind:

  * You are initializing within an existing Firebase project directory

[info] 
=== Project Setup
[info] 
[info] First, let's associate this project directory with a Firebase project.
[info] You can create multiple project aliases by running firebase use --add, 
[info] but for now we'll just set up a default project.
[info] 
[debug] [2023-11-15T22:03:29.465Z] Using project from CLI flag: jpv-test-6ebb8
[debug] [2023-11-15T22:03:29.469Z] >>> [apiv2][query] GET https://firebase.googleapis.com/v1beta1/projects/jpv-test-6ebb8 [none]
[debug] [2023-11-15T22:03:29.934Z] <<< [apiv2][status] GET https://firebase.googleapis.com/v1beta1/projects/jpv-test-6ebb8 200
[debug] [2023-11-15T22:03:29.934Z] <<< [apiv2][body] GET https://firebase.googleapis.com/v1beta1/projects/jpv-test-6ebb8 {"projectId":"jpv-test-6ebb8","projectNumber":"80962766159","displayName":"jpv-test","name":"projects/jpv-test-6ebb8","resources":{"hostingSite":"jpv-test-6ebb8"},"state":"ACTIVE","etag":"1_57c31300-fbb2-40e5-b4c4-456608dbf8a0"}
[info] i  Using project jpv-test-6ebb8 (jpv-test) 
[info] 
=== Hosting:github Setup
[info] 
[info] i  Detected a .git folder at C:\Users\HomePC\Desktop\angular\basic-app 
[info] i  Authorizing with GitHub to upload your service account to a GitHub repository's secrets store. 
[info] 
[info] Visit this URL on this device to log in:
[info] https://github.com/login/oauth/authorize?client_id=89cf50f02ac6aaed3484&state=70524598&redirect_uri=http%3A%2F%2Flocalhost%3A9005&scope=read%3Auser%20repo%20public_repo
[info] 
[info] Waiting for authentication...
[debug] [2023-11-15T22:03:44.876Z] >>> [apiv2][query] POST https://github.com/login/oauth/access_token [none]
[debug] [2023-11-15T22:03:44.876Z] >>> [apiv2][body] POST https://github.com/login/oauth/access_token [stream]
[debug] [2023-11-15T22:03:45.176Z] <<< [apiv2][status] POST https://github.com/login/oauth/access_token 200
[debug] [2023-11-15T22:03:45.176Z] <<< [apiv2][body] POST https://github.com/login/oauth/access_token {"access_token":"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","token_type":"bearer","scope":"read:user,repo"}
[debug] [2023-11-15T22:03:45.184Z] >>> [apiv2][query] GET https://api.github.com/user [none]
[debug] [2023-11-15T22:03:45.467Z] <<< [apiv2][status] GET https://api.github.com/user 200
[debug] [2023-11-15T22:03:45.467Z] <<< [apiv2][body] GET https://api.github.com/user {"login":"YanParoni","id":73859741,"node_id":"MDQ6VXNlcjczODU5NzQx","avatar_url":"https://avatars.githubusercontent.com/u/73859741?v=4","gravatar_id":"","url":"https://api.github.com/users/YanParoni","html_url":"https://github.com/YanParoni","followers_url":"https://api.github.com/users/YanParoni/followers","following_url":"https://api.github.com/users/YanParoni/following{/other_user}","gists_url":"https://api.github.com/users/YanParoni/gists{/gist_id}","starred_url":"https://api.github.com/users/YanParoni/starred{/owner}{/repo}","subscriptions_url":"https://api.github.com/users/YanParoni/subscriptions","organizations_url":"https://api.github.com/users/YanParoni/orgs","repos_url":"https://api.github.com/users/YanParoni/repos","events_url":"https://api.github.com/users/YanParoni/events{/privacy}","received_events_url":"https://api.github.com/users/YanParoni/received_events","type":"User","site_admin":false,"name":null,"company":null,"blog":"","location":"São Paulo,Brasil ","email":null,"hireable":null,"bio":null,"twitter_username":null,"public_repos":15,"public_gists":0,"followers":22,"following":22,"created_at":"2020-11-02T23:46:24Z","updated_at":"2023-10-12T17:45:34Z","private_gists":0,"total_private_repos":4,"owned_private_repos":4,"disk_usage":21945,"collaborators":0,"two_factor_authentication":true,"plan":{"name":"free","space":976562499,"collaborators":0,"private_repos":10000}}
[info] 
[info] +  Success! Logged into GitHub as YanParoni 
[info] 
